c:\users\ricardo silva\desktop\cgj\proj\proj\obj\x64\debug\vc140.pdb
c:\users\ricardo silva\desktop\cgj\proj\proj\obj\x64\debug\vc140.idb
c:\users\ricardo silva\desktop\cgj\proj\proj\obj\x64\debug\camera.obj
c:\users\ricardo silva\desktop\cgj\proj\proj\obj\x64\debug\orthogonalcamera.obj
c:\users\ricardo silva\desktop\cgj\proj\proj\obj\x64\debug\perspectivecamera.obj
c:\users\ricardo silva\desktop\cgj\proj\proj\obj\x64\debug\shader.obj
c:\users\ricardo silva\desktop\cgj\proj\proj\obj\x64\debug\main.obj
c:\users\ricardo silva\desktop\cgj\proj\proj\obj\x64\debug\mat.obj
c:\users\ricardo silva\desktop\cgj\proj\proj\obj\x64\debug\oldmain.obj
c:\users\ricardo silva\desktop\cgj\proj\proj\obj\x64\debug\vec.obj
c:\users\ricardo silva\desktop\cgj\proj\proj\\bin\x64\debug\proj.pdb
c:\users\ricardo silva\desktop\cgj\proj\proj\obj\x64\debug\proj.tlog\cl.command.1.tlog
c:\users\ricardo silva\desktop\cgj\proj\proj\obj\x64\debug\proj.tlog\cl.read.1.tlog
c:\users\ricardo silva\desktop\cgj\proj\proj\obj\x64\debug\proj.tlog\cl.write.1.tlog
c:\users\ricardo silva\desktop\cgj\proj\proj\obj\x64\debug\proj.tlog\link.8732-cvtres.read.1.tlog
c:\users\ricardo silva\desktop\cgj\proj\proj\obj\x64\debug\proj.tlog\link.8732-cvtres.write.1.tlog
c:\users\ricardo silva\desktop\cgj\proj\proj\obj\x64\debug\proj.tlog\link.8732-rc.read.1.tlog
c:\users\ricardo silva\desktop\cgj\proj\proj\obj\x64\debug\proj.tlog\link.8732-rc.write.1.tlog
c:\users\ricardo silva\desktop\cgj\proj\proj\obj\x64\debug\proj.tlog\link.8732.read.1.tlog
c:\users\ricardo silva\desktop\cgj\proj\proj\obj\x64\debug\proj.tlog\link.8732.write.1.tlog
c:\users\ricardo silva\desktop\cgj\proj\proj\obj\x64\debug\proj.tlog\link.command.1.tlog
c:\users\ricardo silva\desktop\cgj\proj\proj\obj\x64\debug\proj.tlog\link.read.1.tlog
c:\users\ricardo silva\desktop\cgj\proj\proj\obj\x64\debug\proj.tlog\link.write.1.tlog
