c:\users\ricardo silva\desktop\cgj\proj\proj\obj\x64\release\vc140.pdb
c:\users\ricardo silva\desktop\cgj\proj\proj\obj\x64\release\vec.obj
c:\users\ricardo silva\desktop\cgj\proj\proj\obj\x64\release\oldmain.obj
c:\users\ricardo silva\desktop\cgj\proj\proj\obj\x64\release\mat.obj
c:\users\ricardo silva\desktop\cgj\proj\proj\obj\x64\release\main.obj
c:\users\ricardo silva\desktop\cgj\proj\proj\obj\x64\release\shader.obj
c:\users\ricardo silva\desktop\cgj\proj\proj\obj\x64\release\qtrn.obj
c:\users\ricardo silva\desktop\cgj\proj\proj\obj\x64\release\perspectivecamera.obj
c:\users\ricardo silva\desktop\cgj\proj\proj\obj\x64\release\orthogonalcamera.obj
c:\users\ricardo silva\desktop\cgj\proj\proj\obj\x64\release\camera.obj
c:\users\ricardo silva\desktop\cgj\proj\proj\bin\x64\release\proj.exe
c:\users\ricardo silva\desktop\cgj\proj\proj\bin\x64\release\proj.ipdb
c:\users\ricardo silva\desktop\cgj\proj\proj\bin\x64\release\proj.iobj
c:\users\ricardo silva\desktop\cgj\proj\proj\bin\x64\release\proj.pdb
c:\users\ricardo silva\desktop\cgj\proj\proj\\bin\x64\release\proj.pdb
c:\users\ricardo silva\desktop\cgj\proj\proj\\bin\x64\release\proj.exe
c:\users\ricardo silva\desktop\cgj\proj\proj\obj\x64\release\proj.tlog\cl.command.1.tlog
c:\users\ricardo silva\desktop\cgj\proj\proj\obj\x64\release\proj.tlog\cl.read.1.tlog
c:\users\ricardo silva\desktop\cgj\proj\proj\obj\x64\release\proj.tlog\cl.write.1.tlog
c:\users\ricardo silva\desktop\cgj\proj\proj\obj\x64\release\proj.tlog\link.command.1.tlog
c:\users\ricardo silva\desktop\cgj\proj\proj\obj\x64\release\proj.tlog\link.read.1.tlog
c:\users\ricardo silva\desktop\cgj\proj\proj\obj\x64\release\proj.tlog\link.write.1.tlog
