Build started 19/01/2017 22:29:03.
     1>Project "C:\Users\Ricardo Silva\Documents\GitHub\CGJ_TeamProject\proj\proj\proj.vcxproj" on node 2 (Build target(s)).
     1>ClCompile:
         C:\Program Files (x86)\Microsoft Visual Studio 14.0\VC\bin\x86_amd64\CL.exe /c /I"C:\Users\Ricardo Silva\Documents\GitHub\CGJ_TeamProject\proj\..\dependencies\freeglut\include" /I"C:\Users\Ricardo Silva\Documents\GitHub\CGJ_TeamProject\proj\..\dependencies\glew\include" /I"C:\Users\Ricardo Silva\Documents\GitHub\CGJ_TeamProject\proj\..\dependencies\soil\src" /Zi /nologo /W3 /WX- /sdl /O2 /Oi /GL /D _MBCS /Gm- /EHsc /MD /GS /Gy /fp:precise /Zc:wchar_t /Zc:forScope /Zc:inline /Fo"C:\Users\Ricardo Silva\Documents\GitHub\CGJ_TeamProject\proj\proj\\obj\x64\Release\\" /Fd"C:\Users\Ricardo Silva\Documents\GitHub\CGJ_TeamProject\proj\proj\\obj\x64\Release\vc140.pdb" /Gd /TP /errorReport:prompt main.cpp
         main.cpp
     1>c:\users\ricardo silva\documents\github\cgj_teamproject\proj\proj\MeshGenerator.h(64): warning C4244: 'argument': conversion from 'int' to 'float', possible loss of data
     1>c:\users\ricardo silva\documents\github\cgj_teamproject\proj\proj\MeshGenerator.h(64): warning C4244: '=': conversion from 'double' to 'float', possible loss of data
     1>c:\users\ricardo silva\documents\github\cgj_teamproject\proj\proj\MeshGenerator.h(66): warning C4244: '=': conversion from 'double' to 'float', possible loss of data
     1>c:\users\ricardo silva\documents\github\cgj_teamproject\proj\proj\MeshGenerator.h(119): warning C4244: 'initializing': conversion from 'int' to 'float', possible loss of data
     1>c:\users\ricardo silva\documents\github\cgj_teamproject\proj\proj\MeshGenerator.h(120): warning C4244: 'initializing': conversion from 'int' to 'float', possible loss of data
     1>c:\users\ricardo silva\documents\github\cgj_teamproject\proj\proj\MeshGenerator.h(144): warning C4305: 'argument': truncation from 'double' to 'float'
     1>c:\users\ricardo silva\documents\github\cgj_teamproject\proj\proj\MeshGenerator.h(144): warning C4244: 'return': conversion from 'double' to 'float', possible loss of data
     1>c:\users\ricardo silva\documents\github\cgj_teamproject\proj\proj\Mesh.h(101): warning C4244: '=': conversion from 'int' to 'GLfloat', possible loss of data
     1>c:\users\ricardo silva\documents\github\cgj_teamproject\proj\proj\Mesh.h(102): warning C4244: '=': conversion from 'int' to 'GLfloat', possible loss of data
     1>main.cpp(241): warning C4305: 'argument': truncation from 'double' to 'float'
     1>main.cpp(247): warning C4305: 'argument': truncation from 'double' to 'float'
     1>main.cpp(253): warning C4305: 'argument': truncation from 'double' to 'float'
     1>main.cpp(259): warning C4305: 'argument': truncation from 'double' to 'float'
     1>main.cpp(265): warning C4305: 'argument': truncation from 'double' to 'float'
     1>main.cpp(271): warning C4305: 'argument': truncation from 'double' to 'float'
     1>main.cpp(277): warning C4305: 'argument': truncation from 'double' to 'float'
     1>main.cpp(286): warning C4305: 'argument': truncation from 'double' to 'float'
     1>main.cpp(337): warning C4305: 'argument': truncation from 'double' to 'float'
     1>main.cpp(217): warning C4101: 'root2': unreferenced local variable
     1>main.cpp(217): warning C4101: 'cube2': unreferenced local variable
     1>main.cpp(217): warning C4101: 'cube': unreferenced local variable
     1>main.cpp(423): warning C4305: 'argument': truncation from 'double' to 'float'
     1>main.cpp(425): warning C4244: 'argument': conversion from 'double' to 'float', possible loss of data
     1>main.cpp(445): warning C4244: 'argument': conversion from 'double' to 'unsigned int', possible loss of data
     1>main.cpp(459): warning C4838: conversion from 'char' to 'unsigned char' requires a narrowing conversion
     1>main.cpp(479): warning C4244: 'initializing': conversion from '__int64' to 'unsigned long', possible loss of data
     1>main.cpp(484): warning C4244: 'initializing': conversion from '__int64' to 'unsigned long', possible loss of data
       Link:
         C:\Program Files (x86)\Microsoft Visual Studio 14.0\VC\bin\x86_amd64\link.exe /ERRORREPORT:PROMPT /OUT:"C:\Users\Ricardo Silva\Documents\GitHub\CGJ_TeamProject\proj\proj\\bin\x64\Release\proj.exe" /NOLOGO /LIBPATH:"C:\Users\Ricardo Silva\Documents\GitHub\CGJ_TeamProject\proj\\..\dependencies\freeglut\lib\x64" /LIBPATH:"C:\Users\Ricardo Silva\Documents\GitHub\CGJ_TeamProject\proj\\..\dependencies\glew\lib\release\x64" /LIBPATH:"C:\Users\Ricardo Silva\Documents\GitHub\CGJ_TeamProject\proj\\..\dependencies\soil\lib" glew32.lib SOIL.lib freeglut.lib kernel32.lib user32.lib gdi32.lib winspool.lib comdlg32.lib advapi32.lib shell32.lib ole32.lib oleaut32.lib uuid.lib odbc32.lib odbccp32.lib kernel32.lib user32.lib gdi32.lib winspool.lib comdlg32.lib advapi32.lib shell32.lib ole32.lib oleaut32.lib uuid.lib odbc32.lib odbccp32.lib /MANIFEST /MANIFESTUAC:"level='asInvoker' uiAccess='false'" /manifest:embed /Debug /PDB:"C:\Users\Ricardo Silva\Documents\GitHub\CGJ_TeamProject\proj\proj\\bin\x64\Release\proj.pdb" /SUBSYSTEM:CONSOLE /OPT:REF /OPT:ICF /LTCG:incremental /TLBID:1 /DYNAMICBASE /NXCOMPAT /IMPLIB:"C:\Users\Ricardo Silva\Documents\GitHub\CGJ_TeamProject\proj\proj\\bin\x64\Release\proj.lib" /MACHINE:X64 "C:\Users\Ricardo Silva\Documents\GitHub\CGJ_TeamProject\proj\proj\\obj\x64\Release\proj.res"
         "C:\Users\Ricardo Silva\Documents\GitHub\CGJ_TeamProject\proj\proj\\obj\x64\Release\Camera.obj"
         "C:\Users\Ricardo Silva\Documents\GitHub\CGJ_TeamProject\proj\proj\\obj\x64\Release\MaterialManager.obj"
         "C:\Users\Ricardo Silva\Documents\GitHub\CGJ_TeamProject\proj\proj\\obj\x64\Release\MeshManager.obj"
         "C:\Users\Ricardo Silva\Documents\GitHub\CGJ_TeamProject\proj\proj\\obj\x64\Release\OrthogonalCamera.obj"
         "C:\Users\Ricardo Silva\Documents\GitHub\CGJ_TeamProject\proj\proj\\obj\x64\Release\PerspectiveCamera.obj"
         "C:\Users\Ricardo Silva\Documents\GitHub\CGJ_TeamProject\proj\proj\\obj\x64\Release\qtrn.obj"
         "C:\Users\Ricardo Silva\Documents\GitHub\CGJ_TeamProject\proj\proj\\obj\x64\Release\Shader.obj"
         "C:\Users\Ricardo Silva\Documents\GitHub\CGJ_TeamProject\proj\proj\\obj\x64\Release\main.obj"
         "C:\Users\Ricardo Silva\Documents\GitHub\CGJ_TeamProject\proj\proj\\obj\x64\Release\mat.obj"
         "C:\Users\Ricardo Silva\Documents\GitHub\CGJ_TeamProject\proj\proj\\obj\x64\Release\OldMain.obj"
         "C:\Users\Ricardo Silva\Documents\GitHub\CGJ_TeamProject\proj\proj\\obj\x64\Release\ShaderManager.obj"
         "C:\Users\Ricardo Silva\Documents\GitHub\CGJ_TeamProject\proj\proj\\obj\x64\Release\SkyboxTexture.obj"
         "C:\Users\Ricardo Silva\Documents\GitHub\CGJ_TeamProject\proj\proj\\obj\x64\Release\Texture.obj"
         "C:\Users\Ricardo Silva\Documents\GitHub\CGJ_TeamProject\proj\proj\\obj\x64\Release\TextureManager.obj"
         "C:\Users\Ricardo Silva\Documents\GitHub\CGJ_TeamProject\proj\proj\\obj\x64\Release\vec.obj"
         Generating code
         0 of 1784 functions ( 0.0%) were compiled, the rest were copied from previous compilation.
           0 functions were new in current compilation
           0 functions had inline decision re-evaluated but remain unchanged
         Finished generating code
         proj.vcxproj -> C:\Users\Ricardo Silva\Documents\GitHub\CGJ_TeamProject\proj\proj\\bin\x64\Release\proj.exe
     1>Done Building Project "C:\Users\Ricardo Silva\Documents\GitHub\CGJ_TeamProject\proj\proj\proj.vcxproj" (Build target(s)).

Build succeeded.

Time Elapsed 00:00:02.02
